<?xml version="1.0" encoding="UTF-8"?>
<!-- Generated by org.testng.reporters.JUnitReportReporter -->
<testsuite hostname="TYSS-Yogita" failures="0" tests="1" name="testScripts.LoginScript" time="8.606" errors="0" timestamp="2023-03-01T15:58:30 IST" skipped="0">
  <testcase classname="testScripts.LoginScript" name="loginTest" time="8.606"/>
  <system-out/>
</testsuite> <!-- testScripts.LoginScript -->
